<?xml version="1.0" encoding="UTF-8"?>
<testsuite name="tyler.actiondemo.ActiondemoApplicationTests" tests="1" skipped="0" failures="0" errors="0" timestamp="2022-05-13T13:13:06" hostname="Tyler-Gabbs-MacBook-Pro.local" time="0.304">
  <properties/>
  <testcase name="contextLoads()" classname="tyler.actiondemo.ActiondemoApplicationTests" time="0.304"/>
  <system-out><![CDATA[06:13:02.487 [Test worker] DEBUG org.springframework.test.context.BootstrapUtils - Instantiating CacheAwareContextLoaderDelegate from class [org.springframework.test.context.cache.DefaultCacheAwareContextLoaderDelegate]
06:13:02.498 [Test worker] DEBUG org.springframework.test.context.BootstrapUtils - Instantiating BootstrapContext using constructor [public org.springframework.test.context.support.DefaultBootstrapContext(java.lang.Class,org.springframework.test.context.CacheAwareContextLoaderDelegate)]
06:13:02.542 [Test worker] DEBUG org.springframework.test.context.BootstrapUtils - Instantiating TestContextBootstrapper for test class [tyler.actiondemo.ActiondemoApplicationTests] from class [org.springframework.boot.test.context.SpringBootTestContextBootstrapper]
06:13:02.558 [Test worker] INFO org.springframework.boot.test.context.SpringBootTestContextBootstrapper - Neither @ContextConfiguration nor @ContextHierarchy found for test class [tyler.actiondemo.ActiondemoApplicationTests], using SpringBootContextLoader
06:13:02.563 [Test worker] DEBUG org.springframework.test.context.support.AbstractContextLoader - Did not detect default resource location for test class [tyler.actiondemo.ActiondemoApplicationTests]: class path resource [tyler/actiondemo/ActiondemoApplicationTests-context.xml] does not exist
06:13:02.564 [Test worker] DEBUG org.springframework.test.context.support.AbstractContextLoader - Did not detect default resource location for test class [tyler.actiondemo.ActiondemoApplicationTests]: class path resource [tyler/actiondemo/ActiondemoApplicationTestsContext.groovy] does not exist
06:13:02.564 [Test worker] INFO org.springframework.test.context.support.AbstractContextLoader - Could not detect default resource locations for test class [tyler.actiondemo.ActiondemoApplicationTests]: no resource found for suffixes {-context.xml, Context.groovy}.
06:13:02.564 [Test worker] INFO org.springframework.test.context.support.AnnotationConfigContextLoaderUtils - Could not detect default configuration classes for test class [tyler.actiondemo.ActiondemoApplicationTests]: ActiondemoApplicationTests does not declare any static, non-private, non-final, nested classes annotated with @Configuration.
06:13:02.621 [Test worker] DEBUG org.springframework.test.context.support.ActiveProfilesUtils - Could not find an 'annotation declaring class' for annotation type [org.springframework.test.context.ActiveProfiles] and class [tyler.actiondemo.ActiondemoApplicationTests]
06:13:02.685 [Test worker] DEBUG org.springframework.context.annotation.ClassPathScanningCandidateComponentProvider - Identified candidate component class: file [/Users/tyler/git/action-demo-repo/build/classes/kotlin/main/tyler/actiondemo/ActiondemoApplication.class]
06:13:02.687 [Test worker] INFO org.springframework.boot.test.context.SpringBootTestContextBootstrapper - Found @SpringBootConfiguration tyler.actiondemo.ActiondemoApplication for test class tyler.actiondemo.ActiondemoApplicationTests
06:13:02.791 [Test worker] DEBUG org.springframework.boot.test.context.SpringBootTestContextBootstrapper - @TestExecutionListeners is not present for class [tyler.actiondemo.ActiondemoApplicationTests]: using defaults.
06:13:02.792 [Test worker] INFO org.springframework.boot.test.context.SpringBootTestContextBootstrapper - Loaded default TestExecutionListener class names from location [META-INF/spring.factories]: [org.springframework.boot.test.autoconfigure.restdocs.RestDocsTestExecutionListener, org.springframework.boot.test.autoconfigure.web.client.MockRestServiceServerResetTestExecutionListener, org.springframework.boot.test.autoconfigure.web.servlet.MockMvcPrintOnlyOnFailureTestExecutionListener, org.springframework.boot.test.autoconfigure.web.servlet.WebDriverTestExecutionListener, org.springframework.boot.test.autoconfigure.webservices.client.MockWebServiceServerTestExecutionListener, org.springframework.boot.test.mock.mockito.MockitoTestExecutionListener, org.springframework.boot.test.mock.mockito.ResetMocksTestExecutionListener, org.springframework.test.context.web.ServletTestExecutionListener, org.springframework.test.context.support.DirtiesContextBeforeModesTestExecutionListener, org.springframework.test.context.event.ApplicationEventsTestExecutionListener, org.springframework.test.context.support.DependencyInjectionTestExecutionListener, org.springframework.test.context.support.DirtiesContextTestExecutionListener, org.springframework.test.context.transaction.TransactionalTestExecutionListener, org.springframework.test.context.jdbc.SqlScriptsTestExecutionListener, org.springframework.test.context.event.EventPublishingTestExecutionListener]
06:13:02.803 [Test worker] DEBUG org.springframework.boot.test.context.SpringBootTestContextBootstrapper - Skipping candidate TestExecutionListener [org.springframework.test.context.transaction.TransactionalTestExecutionListener] due to a missing dependency. Specify custom listener classes or make the default listener classes and their required dependencies available. Offending class: [org/springframework/transaction/TransactionDefinition]
06:13:02.803 [Test worker] DEBUG org.springframework.boot.test.context.SpringBootTestContextBootstrapper - Skipping candidate TestExecutionListener [org.springframework.test.context.jdbc.SqlScriptsTestExecutionListener] due to a missing dependency. Specify custom listener classes or make the default listener classes and their required dependencies available. Offending class: [org/springframework/transaction/interceptor/TransactionAttribute]
06:13:02.804 [Test worker] INFO org.springframework.boot.test.context.SpringBootTestContextBootstrapper - Using TestExecutionListeners: [org.springframework.test.context.web.ServletTestExecutionListener@560513ce, org.springframework.test.context.support.DirtiesContextBeforeModesTestExecutionListener@13006998, org.springframework.test.context.event.ApplicationEventsTestExecutionListener@37fbe4a8, org.springframework.boot.test.mock.mockito.MockitoTestExecutionListener@352c308, org.springframework.boot.test.autoconfigure.SpringBootDependencyInjectionTestExecutionListener@7d373bcf, org.springframework.test.context.support.DirtiesContextTestExecutionListener@6d6bc158, org.springframework.test.context.event.EventPublishingTestExecutionListener@5dda6f9, org.springframework.boot.test.autoconfigure.restdocs.RestDocsTestExecutionListener@10027fc9, org.springframework.boot.test.autoconfigure.web.client.MockRestServiceServerResetTestExecutionListener@54afd745, org.springframework.boot.test.autoconfigure.web.servlet.MockMvcPrintOnlyOnFailureTestExecutionListener@677dbd89, org.springframework.boot.test.autoconfigure.web.servlet.WebDriverTestExecutionListener@fff25f1, org.springframework.boot.test.autoconfigure.webservices.client.MockWebServiceServerTestExecutionListener@c00fff0, org.springframework.boot.test.mock.mockito.ResetMocksTestExecutionListener@263f04ca]
06:13:02.810 [Test worker] DEBUG org.springframework.test.context.support.AbstractDirtiesContextTestExecutionListener - Before test class: context [DefaultTestContext@158d255c testClass = ActiondemoApplicationTests, testInstance = [null], testMethod = [null], testException = [null], mergedContextConfiguration = [WebMergedContextConfiguration@2ca65ce4 testClass = ActiondemoApplicationTests, locations = '{}', classes = '{class tyler.actiondemo.ActiondemoApplication}', contextInitializerClasses = '[]', activeProfiles = '{}', propertySourceLocations = '{}', propertySourceProperties = '{org.springframework.boot.test.context.SpringBootTestContextBootstrapper=true}', contextCustomizers = set[org.springframework.boot.test.autoconfigure.actuate.metrics.MetricsExportContextCustomizerFactory$DisableMetricExportContextCustomizer@85e6769, org.springframework.boot.test.autoconfigure.properties.PropertyMappingContextCustomizer@0, org.springframework.boot.test.autoconfigure.web.servlet.WebDriverContextCustomizerFactory$Customizer@7096b474, org.springframework.boot.test.context.filter.ExcludeFilterContextCustomizer@25bc0606, org.springframework.boot.test.json.DuplicateJsonObjectContextCustomizerFactory$DuplicateJsonObjectContextCustomizer@1951b871, org.springframework.boot.test.mock.mockito.MockitoContextCustomizer@0, org.springframework.boot.test.web.client.TestRestTemplateContextCustomizer@278bb07e, org.springframework.boot.test.context.SpringBootTestArgs@1, org.springframework.boot.test.context.SpringBootTestWebEnvironment@14bdbc74], resourceBasePath = 'src/main/webapp', contextLoader = 'org.springframework.boot.test.context.SpringBootContextLoader', parent = [null]], attributes = map['org.springframework.test.context.web.ServletTestExecutionListener.activateListener' -> true]], class annotated with @DirtiesContext [false] with mode [null].

  .   ____          _            __ _ _
 /\\ / ___'_ __ _ _(_)_ __  __ _ \ \ \ \
( ( )\___ | '_ | '_| | '_ \/ _` | \ \ \ \
 \\/  ___)| |_)| | | | | || (_| |  ) ) ) )
  '  |____| .__|_| |_|_| |_\__, | / / / /
 =========|_|==============|___/=/_/_/_/
 :: Spring Boot ::                (v2.6.7)

2022-05-13 06:13:03.611  INFO 5810 --- [    Test worker] t.actiondemo.ActiondemoApplicationTests  : Starting ActiondemoApplicationTests using Java 11.0.14.1 on Tyler-Gabbs-MacBook-Pro.local with PID 5810 (started by tyler in /Users/tyler/git/action-demo-repo)
2022-05-13 06:13:03.613  INFO 5810 --- [    Test worker] t.actiondemo.ActiondemoApplicationTests  : No active profile set, falling back to 1 default profile: "default"
2022-05-13 06:13:06.081  INFO 5810 --- [    Test worker] t.actiondemo.ActiondemoApplicationTests  : Started ActiondemoApplicationTests in 3.127 seconds (JVM running for 4.778)
]]></system-out>
  <system-err><![CDATA[]]></system-err>
</testsuite>
